STDOUT:
 [0m22:18:09  Running with dbt=1.10.18
[0m22:18:11  Registered adapter: databricks=1.11.0
[0m22:18:12  [[33mWARNING[0m]: Configuration paths exist in your dbt_project.yml file which do not apply to any resources.
There are 1 unused configuration paths:
- models.banking_pipeline.intermediate
[0m22:18:12  Found 4 models, 2 seeds, 9 data tests, 2 sources, 711 macros, 3 unit tests
[0m22:18:12  Exporting model: account_interest_summary
[0m22:18:13  Encountered an error while running operation: Database Error
  Database Error
    
    [PARSE_SYNTAX_ERROR] Syntax error at or near ''dbfs:/tmp/banking_pipeline/account_summary''. SQLSTATE: 42601 (line 4, pos 18)
    
    == SQL ==
    /* {"app": "dbt", "dbt_version": "1.10.18", "dbt_databricks_version": "1.11.0", "databricks_sql_connector_version": "4.1.3", "profile_name": "banking_dbt", "target_name": "dev", "connection_name": "macro_export_to_dbfs_csv"} */
    
        
            COPY INTO 'dbfs:/tmp/banking_pipeline/account_summary'
    ------------------^^^
            FROM (SELECT * FROM `workspace`.`marts`.`account_interest_summary`)
            FILEFORMAT = CSV
            FORMAT_OPTIONS ('header'='true')
            OVERWRITE = TRUE
    

STDERR:
 
