Running dbt tests...
[0m06:18:53  Running with dbt=1.10.18
[0m06:18:59  Registered adapter: databricks=1.11.0
[0m06:19:00  Unable to do partial parsing because of a version mismatch
[0m06:19:05  USING CUSTOM SCHEMA MACRO
[0m06:19:05  USING CUSTOM SCHEMA MACRO
[0m06:19:05  USING CUSTOM SCHEMA MACRO
[0m06:19:05  USING CUSTOM SCHEMA MACRO
[0m06:19:06  USING CUSTOM SCHEMA MACRO
[0m06:19:06  USING CUSTOM SCHEMA MACRO
[0m06:19:07  USING CUSTOM SCHEMA MACRO
[0m06:19:07  USING CUSTOM SCHEMA MACRO
[0m06:19:07  USING CUSTOM SCHEMA MACRO
[0m06:19:07  USING CUSTOM SCHEMA MACRO
[0m06:19:07  USING CUSTOM SCHEMA MACRO
[0m06:19:07  USING CUSTOM SCHEMA MACRO
[0m06:19:07  USING CUSTOM SCHEMA MACRO
[0m06:19:07  USING CUSTOM SCHEMA MACRO
[0m06:19:07  USING CUSTOM SCHEMA MACRO
[0m06:19:08  [[33mWARNING[0m]: Configuration paths exist in your dbt_project.yml file which do not apply to any resources.
There are 1 unused configuration paths:
- models.banking_pipeline.intermediate
[0m06:19:08  Found 4 models, 2 seeds, 9 data tests, 2 sources, 711 macros, 3 unit tests
[0m06:19:08  
[0m06:19:08  Concurrency: 1 threads (target='dev')
[0m06:19:08  
[0m06:19:31  1 of 12 START test not_null_account_interest_summary_interest_rate ............. [RUN]
[0m06:19:38  1 of 12 PASS not_null_account_interest_summary_interest_rate ................... [[32mPASS[0m in 6.70s]
[0m06:19:38  2 of 12 START test not_null_account_interest_summary_new_balance ............... [RUN]
[0m06:19:40  2 of 12 PASS not_null_account_interest_summary_new_balance ..................... [[32mPASS[0m in 2.58s]
[0m06:19:40  3 of 12 START test not_null_stg_accounts_account_id ............................ [RUN]
[0m06:19:42  3 of 12 PASS not_null_stg_accounts_account_id .................................. [[32mPASS[0m in 2.22s]
[0m06:19:42  4 of 12 START test not_null_stg_accounts_balance ............................... [RUN]
[0m06:19:45  4 of 12 PASS not_null_stg_accounts_balance ..................................... [[32mPASS[0m in 2.01s]
[0m06:19:45  5 of 12 START test not_null_stg_customers_customer_id .......................... [RUN]
[0m06:19:47  5 of 12 PASS not_null_stg_customers_customer_id ................................ [[32mPASS[0m in 2.77s]
[0m06:19:47  6 of 12 START test source_not_null_raw_accounts_AccountID ...................... [RUN]
[0m06:19:49  6 of 12 PASS source_not_null_raw_accounts_AccountID ............................ [[32mPASS[0m in 1.80s]
[0m06:19:49  7 of 12 START test source_not_null_raw_customers_CustomerID .................... [RUN]
[0m06:19:51  7 of 12 PASS source_not_null_raw_customers_CustomerID .......................... [[32mPASS[0m in 2.25s]
[0m06:19:51  8 of 12 START test unique_stg_accounts_account_id .............................. [RUN]
[0m06:19:54  8 of 12 PASS unique_stg_accounts_account_id .................................... [[32mPASS[0m in 2.10s]
[0m06:19:54  9 of 12 START test unique_stg_customers_customer_id ............................ [RUN]
[0m06:19:56  9 of 12 PASS unique_stg_customers_customer_id .................................. [[32mPASS[0m in 2.21s]
[0m06:19:56  10 of 12 START unit_test account_interest_summary::interest_rate_with_loan_mid_balance  [RUN]
[0m06:20:00  10 of 12 PASS account_interest_summary::interest_rate_with_loan_mid_balance .... [[32mPASS[0m in 4.35s]
[0m06:20:00  11 of 12 START unit_test account_interest_summary::interest_rate_without_loan_low_balance  [RUN]
[0m06:20:04  11 of 12 PASS account_interest_summary::interest_rate_without_loan_low_balance . [[32mPASS[0m in 3.31s]
[0m06:20:04  12 of 12 START unit_test account_interest_summary::non_savings_account_filtered_out  [RUN]
[0m06:20:07  12 of 12 FAIL 1 account_interest_summary::non_savings_account_filtered_out ..... [[31mFAIL 1[0m in 3.51s]
[0m06:20:07  
[0m06:20:07  Finished running 9 data tests, 3 unit tests in 0 hours 0 minutes and 59.14 seconds (59.14s).
[0m06:20:08  
[0m06:20:08  [31mCompleted with 1 error, 0 partial successes, and 0 warnings:[0m
[0m06:20:08  
[0m06:20:08  [31mFailure in unit_test non_savings_account_filtered_out (tests/unit/test_interest_calculation.yml)[0m
[0m06:20:08    

[32mactual[0m differs from [31mexpected[0m:

[0;1m@@[0m [33m,[0m[0;1mcustomer_id[0m[33m,[0m[0;1maccount_id[0m[33m,[0m[0;1moriginal_balance[0m[33m,[0m[0;1minterest_rate[0m[33m,[0m[0;1mannual_interest_amount[0m[33m,[0m[0;1mnew_balance[0m
[32;1m+++[0m[33m,[0m[32;1m203[0m        [33m,[0m[32;1mUT003[0m     [33m,[0m[32;1mDecimal('20000.00')[0m        [33m,[0m[32;1mDecimal('0.020')[0m        [33m,[0m[32;1mDecimal('400.00000')[0m             [33m,[0m[32;1mDecimal('20400.00000')[0m


[0m06:20:08  
[0m06:20:08    compiled code at target/compiled/banking_pipeline/tests/unit/test_interest_calculation.yml/tests/unit/non_savings_account_filtered_out.sql
[0m06:20:08  
[0m06:20:08  Done. PASS=11 WARN=0 ERROR=1 SKIP=0 NO-OP=0 TOTAL=12


