STDOUT:
 [0m23:57:39  Running with dbt=1.10.18
[0m23:57:42  Registered adapter: databricks=1.11.0
[0m23:57:43  [[33mWARNING[0m]: Configuration paths exist in your dbt_project.yml file which do not apply to any resources.
There are 1 unused configuration paths:
- models.banking_pipeline.intermediate
[0m23:57:43  Found 4 models, 2 seeds, 9 data tests, 2 sources, 711 macros, 3 unit tests
[0m23:57:43  
[0m23:57:43  Concurrency: 1 threads (target='dev')
[0m23:57:43  
[0m23:57:49  1 of 2 START seed file raw.accounts ............................................ [RUN]
[0m23:57:49  [[33mWARNING[0m]: Use revamped materializations based on separating create and insert.  This allows more performant column comments, as well as new column features.
You may opt into the new behavior sooner by setting `flags.use_materialization_v2` to `True` in `dbt_project.yml`.
Visit https://docs.getdbt.com/reference/global-configs/behavior-changes for more information.
[0m23:57:49  [[33mWARNING[0m]: Use managed Iceberg tables when table_format is iceberg. When this flag is disabled, UniForm is used instead.
You may opt into the new behavior sooner by setting `flags.use_managed_iceberg` to `True` in `dbt_project.yml`.
Visit https://docs.getdbt.com/reference/global-configs/behavior-changes for more information.
[0m23:57:53  1 of 2 OK loaded seed file raw.accounts ........................................ [[32mINSERT 7[0m in 4.66s]
[0m23:57:53  2 of 2 START seed file raw.customers ........................................... [RUN]
[0m23:57:58  2 of 2 OK loaded seed file raw.customers ....................................... [[32mINSERT 6[0m in 4.23s]
[0m23:57:58  
[0m23:57:58  Finished running 2 seeds in 0 hours 0 minutes and 14.63 seconds (14.63s).
[0m23:57:58  
[0m23:57:58  [32mCompleted successfully[0m
[0m23:57:58  
[0m23:57:58  Done. PASS=2 WARN=0 ERROR=0 SKIP=0 NO-OP=0 TOTAL=2

STDERR:
 
