STDOUT:
 [0m23:58:04  Running with dbt=1.10.18
[0m23:58:06  Registered adapter: databricks=1.11.0
[0m23:58:07  [[33mWARNING[0m]: Configuration paths exist in your dbt_project.yml file which do not apply to any resources.
There are 1 unused configuration paths:
- models.banking_pipeline.intermediate
[0m23:58:07  Found 4 models, 2 seeds, 9 data tests, 2 sources, 711 macros, 3 unit tests
[0m23:58:07  
[0m23:58:07  Concurrency: 1 threads (target='dev')
[0m23:58:07  
[0m23:58:14  1 of 4 START sql view model staging.stg_accounts ............................... [RUN]
[0m23:58:15  [[33mWARNING[0m]: Use revamped materializations based on separating create and insert.  This allows more performant column comments, as well as new column features.
You may opt into the new behavior sooner by setting `flags.use_materialization_v2` to `True` in `dbt_project.yml`.
Visit https://docs.getdbt.com/reference/global-configs/behavior-changes for more information.
[0m23:58:16  1 of 4 OK created sql view model staging.stg_accounts .......................... [[32mOK[0m in 1.45s]
[0m23:58:16  2 of 4 START sql view model staging.stg_customers .............................. [RUN]
[0m23:58:17  2 of 4 OK created sql view model staging.stg_customers ......................... [[32mOK[0m in 1.27s]
[0m23:58:17  3 of 4 START sql view model intermediate.int_customer_accounts ................. [RUN]
[0m23:58:19  3 of 4 OK created sql view model intermediate.int_customer_accounts ............ [[32mOK[0m in 1.60s]
[0m23:58:19  4 of 4 START sql table model marts.account_interest_summary .................... [RUN]
[0m23:58:19  [[33mWARNING[0m]: Use managed Iceberg tables when table_format is iceberg. When this flag is disabled, UniForm is used instead.
You may opt into the new behavior sooner by setting `flags.use_managed_iceberg` to `True` in `dbt_project.yml`.
Visit https://docs.getdbt.com/reference/global-configs/behavior-changes for more information.
[0m23:58:23  4 of 4 OK created sql table model marts.account_interest_summary ............... [[32mOK[0m in 4.41s]
[0m23:58:23  
[0m23:58:23  Finished running 1 table model, 3 view models in 0 hours 0 minutes and 15.81 seconds (15.81s).
[0m23:58:23  
[0m23:58:23  [32mCompleted successfully[0m
[0m23:58:23  
[0m23:58:23  Done. PASS=4 WARN=0 ERROR=0 SKIP=0 NO-OP=0 TOTAL=4

STDERR:
 
