Running dbt tests...

--- STDOUT ---
[0m06:36:35  Running with dbt=1.10.18
[0m06:36:39  Registered adapter: databricks=1.11.0
[0m06:36:40  [[33mWARNING[0m]: Configuration paths exist in your dbt_project.yml file which do not apply to any resources.
There are 1 unused configuration paths:
- models.banking_pipeline.intermediate
[0m06:36:40  Found 4 models, 2 seeds, 9 data tests, 2 sources, 711 macros, 3 unit tests
[0m06:36:41  
[0m06:36:41  Concurrency: 1 threads (target='dev')
[0m06:36:41  
[0m06:37:06  1 of 12 START test not_null_account_interest_summary_interest_rate ............. [RUN]
[0m06:37:13  1 of 12 PASS not_null_account_interest_summary_interest_rate ................... [[32mPASS[0m in 6.78s]
[0m06:37:13  2 of 12 START test not_null_account_interest_summary_new_balance ............... [RUN]
[0m06:37:15  2 of 12 PASS not_null_account_interest_summary_new_balance ..................... [[32mPASS[0m in 1.86s]
[0m06:37:15  3 of 12 START test not_null_stg_accounts_account_id ............................ [RUN]
[0m06:37:17  3 of 12 PASS not_null_stg_accounts_account_id .................................. [[32mPASS[0m in 2.08s]
[0m06:37:17  4 of 12 START test not_null_stg_accounts_balance ............................... [RUN]
[0m06:37:19  4 of 12 PASS not_null_stg_accounts_balance ..................................... [[32mPASS[0m in 1.67s]
[0m06:37:19  5 of 12 START test not_null_stg_customers_customer_id .......................... [RUN]
[0m06:37:23  5 of 12 PASS not_null_stg_customers_customer_id ................................ [[32mPASS[0m in 3.98s]
[0m06:37:23  6 of 12 START test source_not_null_raw_accounts_AccountID ...................... [RUN]
[0m06:37:24  6 of 12 PASS source_not_null_raw_accounts_AccountID ............................ [[32mPASS[0m in 1.52s]
[0m06:37:24  7 of 12 START test source_not_null_raw_customers_CustomerID .................... [RUN]
[0m06:37:27  7 of 12 PASS source_not_null_raw_customers_CustomerID .......................... [[32mPASS[0m in 2.50s]
[0m06:37:27  8 of 12 START test unique_stg_accounts_account_id .............................. [RUN]
[0m06:37:29  8 of 12 PASS unique_stg_accounts_account_id .................................... [[32mPASS[0m in 1.89s]
[0m06:37:29  9 of 12 START test unique_stg_customers_customer_id ............................ [RUN]
[0m06:37:31  9 of 12 PASS unique_stg_customers_customer_id .................................. [[32mPASS[0m in 1.71s]
[0m06:37:31  10 of 12 START unit_test account_interest_summary::interest_rate_with_loan_mid_balance  [RUN]
[0m06:37:34  10 of 12 PASS account_interest_summary::interest_rate_with_loan_mid_balance .... [[32mPASS[0m in 2.96s]
[0m06:37:34  11 of 12 START unit_test account_interest_summary::interest_rate_without_loan_low_balance  [RUN]
[0m06:37:37  11 of 12 PASS account_interest_summary::interest_rate_without_loan_low_balance . [[32mPASS[0m in 3.09s]
[0m06:37:37  12 of 12 START unit_test account_interest_summary::non_savings_account_filtered_out  [RUN]
[0m06:37:40  12 of 12 FAIL 1 account_interest_summary::non_savings_account_filtered_out ..... [[31mFAIL 1[0m in 2.95s]
[0m06:37:40  
[0m06:37:40  Finished running 9 data tests, 3 unit tests in 0 hours 0 minutes and 59.13 seconds (59.13s).
[0m06:37:40  
[0m06:37:40  [31mCompleted with 1 error, 0 partial successes, and 0 warnings:[0m
[0m06:37:40  
[0m06:37:40  [31mFailure in unit_test non_savings_account_filtered_out (tests/unit/test_interest_calculation.yml)[0m
[0m06:37:40    

[32mactual[0m differs from [31mexpected[0m:

[0;1m@@[0m [33m,[0m[0;1mcustomer_id[0m[33m,[0m[0;1maccount_id[0m[33m,[0m[0;1moriginal_balance[0m[33m,[0m[0;1minterest_rate[0m[33m,[0m[0;1mannual_interest_amount[0m[33m,[0m[0;1mnew_balance[0m
[32;1m+++[0m[33m,[0m[32;1m203[0m        [33m,[0m[32;1mUT003[0m     [33m,[0m[32;1mDecimal('20000.00')[0m        [33m,[0m[32;1mDecimal('0.020')[0m        [33m,[0m[32;1mDecimal('400.00000')[0m             [33m,[0m[32;1mDecimal('20400.00000')[0m


[0m06:37:40  
[0m06:37:40    compiled code at target/compiled/banking_pipeline/tests/unit/test_interest_calculation.yml/tests/unit/non_savings_account_filtered_out.sql
[0m06:37:40  
[0m06:37:40  Done. PASS=11 WARN=0 ERROR=1 SKIP=0 NO-OP=0 TOTAL=12


--- STDERR ---

